<?xml version="1.0" encoding="UTF-8"?>
<testng-results ignored="0" total="2" passed="2" failed="0" skipped="0">
  <reporter-output>
  </reporter-output>
  <suite started-at="2024-11-07T13:38:45 IST" name="Suite" finished-at="2024-11-07T13:39:25 IST" duration-ms="39387">
    <groups>
      <group name="regression">
        <method signature="TC__001__LoginTest.Test__Login()[pri:0, instance:testCases.TC__001__LoginTest@20d525]" name="Test__Login" class="testCases.TC__001__LoginTest"/>
        <method signature="TC__003__AddProductToCart.Test___AddProductsToCart()[pri:0, instance:testCases.TC__003__AddProductToCart@3d34d211]" name="Test___AddProductsToCart" class="testCases.TC__003__AddProductToCart"/>
      </group> <!-- regression -->
      <group name="sanity">
        <method signature="TC__001__LoginTest.Test__Login()[pri:0, instance:testCases.TC__001__LoginTest@20d525]" name="Test__Login" class="testCases.TC__001__LoginTest"/>
        <method signature="TC__003__AddProductToCart.Test___AddProductsToCart()[pri:0, instance:testCases.TC__003__AddProductToCart@3d34d211]" name="Test___AddProductsToCart" class="testCases.TC__003__AddProductToCart"/>
      </group> <!-- sanity -->
    </groups>
    <test started-at="2024-11-07T13:38:45 IST" name="Test" finished-at="2024-11-07T13:39:25 IST" duration-ms="39387">
      <class name="testCases.TC__001__LoginTest">
        <test-method is-config="true" signature="setUp()[pri:0, instance:testCases.TC__001__LoginTest@20d525]" started-at="2024-11-07T13:38:46 IST" name="setUp" finished-at="2024-11-07T13:38:58 IST" duration-ms="12522" status="PASS">
          <reporter-output>
          </reporter-output>
        </test-method> <!-- setUp -->
        <test-method signature="Test__Login()[pri:0, instance:testCases.TC__001__LoginTest@20d525]" started-at="2024-11-07T13:38:58 IST" name="Test__Login" finished-at="2024-11-07T13:39:08 IST" duration-ms="9653" status="PASS">
          <reporter-output>
          </reporter-output>
        </test-method> <!-- Test__Login -->
        <test-method is-config="true" signature="tearDown()[pri:0, instance:testCases.TC__001__LoginTest@20d525]" started-at="2024-11-07T13:39:08 IST" name="tearDown" finished-at="2024-11-07T13:39:08 IST" duration-ms="199" status="PASS">
          <reporter-output>
          </reporter-output>
        </test-method> <!-- tearDown -->
      </class> <!-- testCases.TC__001__LoginTest -->
      <class name="testCases.TC__003__AddProductToCart">
        <test-method is-config="true" signature="setUp()[pri:0, instance:testCases.TC__003__AddProductToCart@3d34d211]" started-at="2024-11-07T13:39:08 IST" name="setUp" finished-at="2024-11-07T13:39:15 IST" duration-ms="7140" status="PASS">
          <reporter-output>
          </reporter-output>
        </test-method> <!-- setUp -->
        <test-method signature="Test___AddProductsToCart()[pri:0, instance:testCases.TC__003__AddProductToCart@3d34d211]" started-at="2024-11-07T13:39:15 IST" name="Test___AddProductsToCart" finished-at="2024-11-07T13:39:25 IST" duration-ms="9381" status="PASS">
          <reporter-output>
          </reporter-output>
        </test-method> <!-- Test___AddProductsToCart -->
        <test-method is-config="true" signature="tearDown()[pri:0, instance:testCases.TC__003__AddProductToCart@3d34d211]" started-at="2024-11-07T13:39:25 IST" name="tearDown" finished-at="2024-11-07T13:39:25 IST" duration-ms="281" status="PASS">
          <reporter-output>
          </reporter-output>
        </test-method> <!-- tearDown -->
      </class> <!-- testCases.TC__003__AddProductToCart -->
    </test> <!-- Test -->
  </suite> <!-- Suite -->
</testng-results>
